#
# A fatal error has been detected by the Java Runtime Environment:
#
#  EXCEPTION_ACCESS_VIOLATION (0xc0000005) at pc=0x8c000000, pid=1220, tid=2140
#
# JRE version: Java(TM) SE Runtime Environment (7.0_71-b14) (build 1.7.0_71-b14)
# Java VM: Java HotSpot(TM) Client VM (24.71-b01 mixed mode windows-x86 )
# Problematic frame:
# C  0x8c000000
#
# Failed to write core dump. Minidumps are not enabled by default on client versions of Windows
#
# If you would like to submit a bug report, please visit:
#   http://bugreport.sun.com/bugreport/crash.jsp
# The crash happened outside the Java Virtual Machine in native code.
# See problematic frame for where to report the bug.
#

---------------  T H R E A D  ---------------

Current thread (0x2b754c00):  JavaThread "AWT-Windows" daemon [_thread_in_native, id=2140, stack(0x32360000,0x32460000)]

siginfo: ExceptionCode=0xc0000005, ExceptionInformation=0x00000008 0x8c000000

Registers:
EAX=0x00000002, EBX=0x00000002, ECX=0xfffffffe, EDX=0x3245e2e0
ESP=0x3245e2a8, EBP=0x3245e308, ESI=0x000b04d2, EDI=0x00000000
EIP=0x8c000000, EFLAGS=0x00010246

Top of Stack: (sp=0x3245e2a8)
0x3245e2a8:   743ff5ee 000b04d2 00000282 00000002
0x3245e2b8:   00000000 00000002 00000003 bed2414c
0x3245e2c8:   00000000 2f7cf3a0 00000002 00000000
0x3245e2d8:   00000002 3245f604 8c000000 00000002
0x3245e2e8:   00000003 bed2414c 3245e2c4 3245de84
0x3245e2f8:   3245e3d0 744f7331 f8a85454 00000000
0x3245e308:   3245e32c 743ff5a2 2f7cf3a0 000b04d2
0x3245e318:   00000282 00000002 00000000 7619154e 

Instructions: (pc=0x8c000000)
0x8bffffe0:   
[error occurred during error reporting (printing registers, top of stack, instructions near pc), id 0xc0000005]

Register to memory mapping:

EAX=0x00000002 is an unknown value
EBX=0x00000002 is an unknown value
ECX=0xfffffffe is an unknown value
EDX=0x3245e2e0 is pointing into the stack for thread: 0x2b754c00
ESP=0x3245e2a8 is pointing into the stack for thread: 0x2b754c00
EBP=0x3245e308 is pointing into the stack for thread: 0x2b754c00
ESI=0x000b04d2 is pointing into the stack for thread: 0x01d4bc00
EDI=0x00000000 is an unknown value


Stack: [0x32360000,0x32460000],  sp=0x3245e2a8,  free space=1016k
Native frames: (J=compiled Java code, j=interpreted, Vv=VM code, C=native code)
C  0x8c000000
C  [COMCTL32.dll+0x2f5a2]
C  [awt.dll+0xb0672]
C  [awt.dll+0x716d9]
C  [awt.dll+0x733c2]
C  [awt.dll+0x708ae]
C  [USER32.dll+0x1c4e7]
C  [USER32.dll+0x1c5e7]
C  [USER32.dll+0x11b31]
C  [USER32.dll+0x11b57]
C  [awt.dll+0xb06c8]
C  [COMCTL32.dll+0x2f5ee]
C  [COMCTL32.dll+0x2f490]
C  [USER32.dll+0x1c4e7]
C  [USER32.dll+0x1c5e7]
C  [USER32.dll+0x15294]
C  [USER32.dll+0x15582]
C  [USER32.dll+0x11fd0]
C  [USER32.dll+0x1200a]
C  [USER32.dll+0x102ed]
C  [USER32.dll+0x10688]
C  [USER32.dll+0x1c4e7]
C  [USER32.dll+0x1c5e7]
C  [USER32.dll+0x15294]
C  [USER32.dll+0x11cca]
C  [USER32.dll+0x15138]
C  [USER32.dll+0x150d1]
C  [USER32.dll+0x1c4e7]
C  [USER32.dll+0x1c5e7]
C  [USER32.dll+0x11b31]
C  [USER32.dll+0x11b57]
C  [COMCTL32.dll+0x2f443]
C  [COMCTL32.dll+0x2f5ee]
C  [COMCTL32.dll+0x2f5a2]
C  [awt.dll+0xb0672]
C  [awt.dll+0x716d9]
C  [awt.dll+0x733c2]
C  [awt.dll+0x708ae]
C  [USER32.dll+0x1c4e7]
C  [USER32.dll+0x1c5e7]
C  [USER32.dll+0x11b31]
C  [USER32.dll+0x11b57]
C  [awt.dll+0xb06c8]
C  [COMCTL32.dll+0x2f5ee]
C  [COMCTL32.dll+0x2f490]
C  [USER32.dll+0x1c4e7]
C  [USER32.dll+0x1c5e7]
C  [USER32.dll+0x15294]
C  [USER32.dll+0x15582]
C  [IMM32.DLL+0x2c3f]
C  [USER32.dll+0x11ead]
C  [USER32.dll+0x10343]
C  [USER32.dll+0x102d8]
C  [USER32.dll+0x10688]
C  [USER32.dll+0x1c4e7]
C  [USER32.dll+0x1c5e7]
C  [USER32.dll+0x14f0e]
C  [USER32.dll+0x14f7d]
C  [ntdll.dll+0x46fee]

Java frames: (J=compiled Java code, j=interpreted, Vv=VM code)
j  sun.awt.windows.WToolkit.eventLoop()V+0
j  sun.awt.windows.WToolkit.run()V+61
j  java.lang.Thread.run()V+11
v  ~StubRoutines::call_stub

---------------  P R O C E S S  ---------------

Java Threads: ( => current thread )
  0x2b756400 JavaThread "Thread-8" [_thread_in_native, id=3116, stack(0x343b0000,0x344b0000)]
  0x2b756000 JavaThread "TimerQueue" daemon [_thread_blocked, id=3408, stack(0x36900000,0x36a00000)]
  0x2b755800 JavaThread "JCEF-MessageQueue" [_thread_blocked, id=2204, stack(0x36500000,0x36600000)]
  0x2b755400 JavaThread "AWT-EventQueue-0" [_thread_in_native, id=3140, stack(0x32460000,0x32560000)]
=>0x2b754c00 JavaThread "AWT-Windows" daemon [_thread_in_native, id=2140, stack(0x32360000,0x32460000)]
  0x2b754800 JavaThread "AWT-Shutdown" [_thread_blocked, id=3060, stack(0x32260000,0x32360000)]
  0x2b754000 JavaThread "Java2D Disposer" daemon [_thread_blocked, id=3172, stack(0x32160000,0x32260000)]
  0x2b753800 JavaThread "Worker-7" [_thread_blocked, id=2776, stack(0x32770000,0x32870000)]
  0x2b753400 JavaThread "Bundle File Closer" daemon [_thread_blocked, id=2076, stack(0x32660000,0x32760000)]
  0x2b752c00 JavaThread "Worker-6" [_thread_blocked, id=1296, stack(0x31e70000,0x31f70000)]
  0x2b752000 JavaThread "org.eclipse.cdt.internal.ui.text.CReconciler" daemon [_thread_blocked, id=2560, stack(0x30a10000,0x30b10000)]
  0x2b752800 JavaThread "Worker-5" [_thread_blocked, id=2880, stack(0x30910000,0x30a10000)]
  0x2b751c00 JavaThread "Pool C:\Users\D203C-01\AppData\Roaming\CooCox\CoIDE\repo\CODB_SIMPLIFY.FDB idleRemover" daemon [_thread_blocked, id=2232, stack(0x31b30000,0x31c30000)]
  0x2b751400 JavaThread "Worker-4" [_thread_blocked, id=972, stack(0x2beb0000,0x2bfb0000)]
  0x2b750c00 JavaThread "Worker-3" [_thread_blocked, id=3040, stack(0x2cfe0000,0x2d0e0000)]
  0x2b61a800 JavaThread "Worker-2" [_thread_blocked, id=640, stack(0x2cee0000,0x2cfe0000)]
  0x2b44bc00 JavaThread "Worker-1" [_thread_blocked, id=1388, stack(0x2bfb0000,0x2c0b0000)]
  0x2b433c00 JavaThread "Worker-0" [_thread_blocked, id=4020, stack(0x2bcd0000,0x2bdd0000)]
  0x2a06a800 JavaThread "Worker-JM" [_thread_blocked, id=2424, stack(0x2b040000,0x2b140000)]
  0x29fcf000 JavaThread "Framework Event Dispatcher" daemon [_thread_blocked, id=2728, stack(0x2af40000,0x2b040000)]
  0x29fe6000 JavaThread "Start Level Event Dispatcher" daemon [_thread_blocked, id=1832, stack(0x2ae40000,0x2af40000)]
  0x29f89400 JavaThread "State Data Manager" daemon [_thread_blocked, id=3312, stack(0x2ad40000,0x2ae40000)]
  0x29fc5c00 JavaThread "Framework Active Thread" [_thread_blocked, id=2044, stack(0x2ac40000,0x2ad40000)]
  0x29510c00 JavaThread "Service Thread" daemon [_thread_blocked, id=3252, stack(0x29cb0000,0x29db0000)]
  0x2950c800 JavaThread "C1 CompilerThread0" daemon [_thread_blocked, id=3572, stack(0x29bb0000,0x29cb0000)]
  0x2950c000 JavaThread "Attach Listener" daemon [_thread_blocked, id=3552, stack(0x29ab0000,0x29bb0000)]
  0x2950b000 JavaThread "Signal Dispatcher" daemon [_thread_blocked, id=3696, stack(0x299b0000,0x29ab0000)]
  0x294e2400 JavaThread "Surrogate Locker Thread (Concurrent GC)" daemon [_thread_blocked, id=2628, stack(0x298b0000,0x299b0000)]
  0x294d9400 JavaThread "Finalizer" daemon [_thread_blocked, id=2132, stack(0x297b0000,0x298b0000)]
  0x294d4c00 JavaThread "Reference Handler" daemon [_thread_blocked, id=3024, stack(0x296b0000,0x297b0000)]
  0x01d4bc00 JavaThread "main" [_thread_in_native, id=2368, stack(0x00030000,0x00130000)]

Other Threads:
  0x294d2000 VMThread [stack: 0x295b0000,0x296b0000] [id=3588]
  0x2951a400 WatcherThread [stack: 0x29db0000,0x29eb0000] [id=3396]

VM state:not at safepoint (normal execution)

VM Mutex/Monitor currently owned by a thread: None

Heap
 par new generation   total 18432K, used 12336K [0x04200000, 0x05600000, 0x0eca0000)
  eden space 16384K,  62% used [0x04200000, 0x04c0c2c8, 0x05200000)
  from space 2048K, 100% used [0x05400000, 0x05600000, 0x05600000)
  to   space 2048K,   0% used [0x05200000, 0x05200000, 0x05400000)
 concurrent mark-sweep generation total 40960K, used 29158K [0x0eca0000, 0x114a0000, 0x24200000)
 concurrent-mark-sweep perm gen total 58848K, used 40171K [0x24200000, 0x27b78000, 0x28200000)

Card table byte_map: [0x04050000,0x04180000] byte_map_base: 0x0402f000

Polling page: 0x003e0000

Code Cache  [0x01d50000, 0x022c0000, 0x03d50000)
 total_blobs=2814 nmethods=2553 adapters=194 free_code_cache=27227Kb largest_free_block=27879744

Compilation events (10 events):
Event: 24.281 Thread 0x2950c800 2583             org.eclipse.ui.internal.registry.ActionSetDescriptor::getId (5 bytes)
Event: 24.281 Thread 0x2950c800 nmethod 2583 0x022b0e88 code [0x022b0f80, 0x022b1000]
Event: 24.281 Thread 0x2950c800 2584             org.eclipse.jface.action.ExternalActionManager::getInstance (20 bytes)
Event: 24.281 Thread 0x2950c800 nmethod 2584 0x022b1048 code [0x022b1140, 0x022b1210]
Event: 24.282 Thread 0x2950c800 2585             org.eclipse.jface.action.ExternalActionManager::getCallback (5 bytes)
Event: 24.282 Thread 0x2950c800 nmethod 2585 0x022b1288 code [0x022b1380, 0x022b1400]
Event: 24.282 Thread 0x2950c800 2586             org.eclipse.jface.action.ActionContributionItem::update (1325 bytes)
Event: 24.291 Thread 0x2950c800 nmethod 2586 0x022b1448 code [0x022b1c10, 0x022b4900]
Event: 24.291 Thread 0x2950c800 2587             org.eclipse.core.commands.common.HandleObject::hashCode (49 bytes)
Event: 24.291 Thread 0x2950c800 nmethod 2587 0x022b9448 code [0x022b9550, 0x022b962c]

GC Heap History (10 events):
Event: 15.005 GC heap before
{Heap before GC invocations=16 (full 4):
 par new generation   total 18432K, used 18432K [0x04200000, 0x05600000, 0x0eca0000)
  eden space 16384K, 100% used [0x04200000, 0x05200000, 0x05200000)
  from space 2048K, 100% used [0x05200000, 0x05400000, 0x05400000)
  to   space 2048K,   0% used [0x05400000, 0x05400000, 0x05600000)
 concurrent mark-sweep generation total 40960K, used 30749K [0x0eca0000, 0x114a0000, 0x24200000)
 concurrent-mark-sweep perm gen total 54344K, used 35196K [0x24200000, 0x27712000, 0x28200000)
Event: 15.017 GC heap after
Heap after GC invocations=17 (full 4):
 par new generation   total 18432K, used 2048K [0x04200000, 0x05600000, 0x0eca0000)
  eden space 16384K,   0% used [0x04200000, 0x04200000, 0x05200000)
  from space 2048K, 100% used [0x05400000, 0x05600000, 0x05600000)
  to   space 2048K,   0% used [0x05200000, 0x05200000, 0x05400000)
 concurrent mark-sweep generation total 40960K, used 32719K [0x0eca0000, 0x114a0000, 0x24200000)
 concurrent-mark-sweep perm gen total 54344K, used 35196K [0x24200000, 0x27712000, 0x28200000)
}
Event: 15.068 GC heap before
{Heap before GC invocations=17 (full 4):
 par new generation   total 18432K, used 18432K [0x04200000, 0x05600000, 0x0eca0000)
  eden space 16384K, 100% used [0x04200000, 0x05200000, 0x05200000)
  from space 2048K, 100% used [0x05400000, 0x05600000, 0x05600000)
  to   space 2048K,   0% used [0x05200000, 0x05200000, 0x05400000)
 concurrent mark-sweep generation total 40960K, used 32719K [0x0eca0000, 0x114a0000, 0x24200000)
 concurrent-mark-sweep perm gen total 54344K, used 35225K [0x24200000, 0x27712000, 0x28200000)
Event: 15.082 GC heap after
Heap after GC invocations=18 (full 4):
 par new generation   total 18432K, used 2048K [0x04200000, 0x05600000, 0x0eca0000)
  eden space 16384K,   0% used [0x04200000, 0x04200000, 0x05200000)
  from space 2048K, 100% used [0x05200000, 0x05400000, 0x05400000)
  to   space 2048K,   0% used [0x05400000, 0x05400000, 0x05600000)
 concurrent mark-sweep generation total 40960K, used 34161K [0x0eca0000, 0x114a0000, 0x24200000)
 concurrent-mark-sweep perm gen total 54344K, used 35225K [0x24200000, 0x27712000, 0x28200000)
}
Event: 15.124 GC heap before
{Heap before GC invocations=18 (full 4):
 par new generation   total 18432K, used 18432K [0x04200000, 0x05600000, 0x0eca0000)
  eden space 16384K, 100% used [0x04200000, 0x05200000, 0x05200000)
  from space 2048K, 100% used [0x05200000, 0x05400000, 0x05400000)
  to   space 2048K,   0% used [0x05400000, 0x05400000, 0x05600000)
 concurrent mark-sweep generation total 40960K, used 34161K [0x0eca0000, 0x114a0000, 0x24200000)
 concurrent-mark-sweep perm gen total 54344K, used 35306K [0x24200000, 0x27712000, 0x28200000)
Event: 15.145 GC heap after
Heap after GC invocations=19 (full 4):
 par new generation   total 18432K, used 2048K [0x04200000, 0x05600000, 0x0eca0000)
  eden space 16384K,   0% used [0x04200000, 0x04200000, 0x05200000)
  from space 2048K, 100% used [0x05400000, 0x05600000, 0x05600000)
  to   space 2048K,   0% used [0x05200000, 0x05200000, 0x05400000)
 concurrent mark-sweep generation total 40960K, used 36494K [0x0eca0000, 0x114a0000, 0x24200000)
 concurrent-mark-sweep perm gen total 54344K, used 35306K [0x24200000, 0x27712000, 0x28200000)
}
Event: 15.284 GC heap before
{Heap before GC invocations=19 (full 4):
 par new generation   total 18432K, used 18432K [0x04200000, 0x05600000, 0x0eca0000)
  eden space 16384K, 100% used [0x04200000, 0x05200000, 0x05200000)
  from space 2048K, 100% used [0x05400000, 0x05600000, 0x05600000)
  to   space 2048K,   0% used [0x05200000, 0x05200000, 0x05400000)
 concurrent mark-sweep generation total 40960K, used 23788K [0x0eca0000, 0x114a0000, 0x24200000)
 concurrent-mark-sweep perm gen total 58848K, used 35352K [0x24200000, 0x27b78000, 0x28200000)
Event: 15.297 GC heap after
Heap after GC invocations=20 (full 4):
 par new generation   total 18432K, used 2048K [0x04200000, 0x05600000, 0x0eca0000)
  eden space 16384K,   0% used [0x04200000, 0x04200000, 0x05200000)
  from space 2048K, 100% used [0x05200000, 0x05400000, 0x05400000)
  to   space 2048K,   0% used [0x05400000, 0x05400000, 0x05600000)
 concurrent mark-sweep generation total 40960K, used 25781K [0x0eca0000, 0x114a0000, 0x24200000)
 concurrent-mark-sweep perm gen total 58848K, used 35352K [0x24200000, 0x27b78000, 0x28200000)
}
Event: 16.154 GC heap before
{Heap before GC invocations=20 (full 4):
 par new generation   total 18432K, used 18432K [0x04200000, 0x05600000, 0x0eca0000)
  eden space 16384K, 100% used [0x04200000, 0x05200000, 0x05200000)
  from space 2048K, 100% used [0x05200000, 0x05400000, 0x05400000)
  to   space 2048K,   0% used [0x05400000, 0x05400000, 0x05600000)
 concurrent mark-sweep generation total 40960K, used 25781K [0x0eca0000, 0x114a0000, 0x24200000)
 concurrent-mark-sweep perm gen total 58848K, used 37168K [0x24200000, 0x27b78000, 0x28200000)
Event: 16.173 GC heap after
Heap after GC invocations=21 (full 4):
 par new generation   total 18432K, used 2048K [0x04200000, 0x05600000, 0x0eca0000)
  eden space 16384K,   0% used [0x04200000, 0x04200000, 0x05200000)
  from space 2048K, 100% used [0x05400000, 0x05600000, 0x05600000)
  to   space 2048K,   0% used [0x05200000, 0x05200000, 0x05400000)
 concurrent mark-sweep generation total 40960K, used 29158K [0x0eca0000, 0x114a0000, 0x24200000)
 concurrent-mark-sweep perm gen total 58848K, used 37168K [0x24200000, 0x27b78000, 0x28200000)
}

Deoptimization events (0 events):
No events

Internal exceptions (10 events):
Event: 15.675 Thread 0x2b44bc00 Threw 0x050bfcd0 at C:\re\jdk7u71\1605\hotspot\src\share\vm\prims\jni.cpp:717
Event: 15.675 Thread 0x2b44bc00 Threw 0x050bfe38 at C:\re\jdk7u71\1605\hotspot\src\share\vm\prims\jni.cpp:717
Event: 19.196 Thread 0x01d4bc00 Threw 0x04789ed8 at C:\re\jdk7u71\1605\hotspot\src\share\vm\prims\jni.cpp:717
Event: 19.627 Thread 0x2b755400 Threw 0x047e2218 at C:\re\jdk7u71\1605\hotspot\src\share\vm\prims\jni.cpp:717
Event: 20.111 Thread 0x2b755400 Threw 0x048fdb88 at C:\re\jdk7u71\1605\hotspot\src\share\vm\prims\jni.cpp:717
Event: 20.111 Thread 0x2b755400 Threw 0x048fde18 at C:\re\jdk7u71\1605\hotspot\src\share\vm\prims\jni.cpp:717
Event: 20.111 Thread 0x2b755400 Threw 0x048fe078 at C:\re\jdk7u71\1605\hotspot\src\share\vm\prims\jni.cpp:717
Event: 21.339 Thread 0x01d4bc00 Threw 0x048f2848 at C:\re\jdk7u71\1605\hotspot\src\share\vm\prims\jvm.cpp:1281
Event: 21.351 Thread 0x01d4bc00 Threw 0x04921328 at C:\re\jdk7u71\1605\hotspot\src\share\vm\prims\jvm.cpp:1281
Event: 21.351 Thread 0x01d4bc00 Threw 0x04922d28 at C:\re\jdk7u71\1605\hotspot\src\share\vm\prims\jvm.cpp:1281

Events (10 events):
Event: 24.223 loading class 0x294595f8
Event: 24.242 loading class 0x294595f8 done
Event: 24.242 loading class 0x2e43e3e0
Event: 24.247 loading class 0x29459588
Event: 24.247 loading class 0x29459588 done
Event: 24.247 loading class 0x2e43e3e0 done
Event: 24.248 loading class 0x2de85910
Event: 24.276 loading class 0x2de85910 done
Event: 24.286 loading class 0x2e3c6778
Event: 24.286 loading class 0x2e3c6778 done


Dynamic libraries:
0x00400000 - 0x0040d000 	C:\Program Files\CoIDE_V2Beta\CoIDE.exe
0x77320000 - 0x7745c000 	C:\Windows\SYSTEM32\ntdll.dll
0x76150000 - 0x76224000 	C:\Windows\system32\kernel32.dll
0x756d0000 - 0x7571a000 	C:\Windows\system32\KERNELBASE.dll
0x76080000 - 0x76149000 	C:\Windows\system32\USER32.dll
0x75dd0000 - 0x75e1e000 	C:\Windows\system32\GDI32.dll
0x77480000 - 0x7748a000 	C:\Windows\system32\LPK.dll
0x75d30000 - 0x75dcd000 	C:\Windows\system32\USP10.dll
0x765c0000 - 0x7666c000 	C:\Windows\system32\msvcrt.dll
0x72ad0000 - 0x72b54000 	C:\Windows\WinSxS\x86_microsoft.windows.common-controls_6595b64144ccf1df_5.82.7601.17514_none_ec83dffa859149af\COMCTL32.dll
0x774b0000 - 0x77550000 	C:\Windows\system32\ADVAPI32.dll
0x759b0000 - 0x759c9000 	C:\Windows\SYSTEM32\sechost.dll
0x75770000 - 0x75811000 	C:\Windows\system32\RPCRT4.dll
0x77490000 - 0x774af000 	C:\Windows\system32\IMM32.DLL
0x759d0000 - 0x75a9c000 	C:\Windows\system32\MSCTF.dll
0x72000000 - 0x7200d000 	C:\Program Files\CoIDE_V2Beta\plugins\org.eclipse.equinox.launcher.win32.win32.x86_1.1.100.v20110502\eclipse_1406.dll
0x74970000 - 0x74979000 	C:\Windows\system32\VERSION.dll
0x64580000 - 0x64909000 	C:\Program Files\CoIDE_V2Beta\jre\bin\client\jvm.dll
0x737a0000 - 0x737a7000 	C:\Windows\system32\WSOCK32.dll
0x75970000 - 0x759a5000 	C:\Windows\system32\WS2_32.dll
0x77460000 - 0x77466000 	C:\Windows\system32\NSI.dll
0x709b0000 - 0x709e2000 	C:\Windows\system32\WINMM.dll
0x75820000 - 0x75825000 	C:\Windows\system32\PSAPI.DLL
0x6f180000 - 0x6f23f000 	C:\Windows\system32\MSVCR100.dll
0x73240000 - 0x7324c000 	C:\Program Files\CoIDE_V2Beta\jre\bin\verify.dll
0x72fb0000 - 0x72fd0000 	C:\Program Files\CoIDE_V2Beta\jre\bin\java.dll
0x730c0000 - 0x730d3000 	C:\Program Files\CoIDE_V2Beta\jre\bin\zip.dll
0x74ef0000 - 0x74f06000 	C:\Windows\system32\CRYPTSP.dll
0x74c90000 - 0x74ccb000 	C:\Windows\system32\rsaenh.dll
0x74ad0000 - 0x74ae7000 	C:\Windows\system32\USERENV.dll
0x75470000 - 0x7547b000 	C:\Windows\system32\profapi.dll
0x753c0000 - 0x753cc000 	C:\Windows\system32\CRYPTBASE.dll
0x70cf0000 - 0x70d04000 	C:\Program Files\CoIDE_V2Beta\jre\bin\net.dll
0x74eb0000 - 0x74eec000 	C:\Windows\system32\mswsock.dll
0x74ea0000 - 0x74ea6000 	C:\Windows\System32\wship6.dll
0x72fd0000 - 0x72fec000 	C:\Windows\system32\IPHLPAPI.DLL
0x72f90000 - 0x72f97000 	C:\Windows\system32\WINNSI.DLL
0x72ef0000 - 0x72efd000 	C:\Windows\system32\dhcpcsvc6.DLL
0x72ed0000 - 0x72ee2000 	C:\Windows\system32\dhcpcsvc.DLL
0x73270000 - 0x7327f000 	C:\Program Files\CoIDE_V2Beta\jre\bin\nio.dll
0x74130000 - 0x74170000 	C:\Windows\system32\uxtheme.dll
0x76460000 - 0x765bc000 	C:\Windows\system32\ole32.dll
0x73c40000 - 0x73c50000 	C:\Windows\system32\NLAapi.dll
0x71bf0000 - 0x71c00000 	C:\Windows\system32\napinsp.dll
0x71bd0000 - 0x71be2000 	C:\Windows\system32\pnrpnsp.dll
0x74d70000 - 0x74db4000 	C:\Windows\system32\DNSAPI.dll
0x71c00000 - 0x71c08000 	C:\Windows\System32\winrnr.dll
0x74a00000 - 0x74a05000 	C:\Windows\System32\wshtcpip.dll
0x72150000 - 0x72156000 	C:\Windows\system32\rasadhlp.dll
0x72f40000 - 0x72f78000 	C:\Windows\System32\fwpuclnt.dll
0x2aaf0000 - 0x2ab5e000 	C:\Program Files\CoIDE_V2Beta\configuration\org.eclipse.osgi\bundles\109\1\.cp\swt-win32-3740.dll
0x75830000 - 0x758bf000 	C:\Windows\system32\OLEAUT32.dll
0x758c0000 - 0x7593b000 	C:\Windows\system32\comdlg32.dll
0x76020000 - 0x76077000 	C:\Windows\system32\SHLWAPI.dll
0x743d0000 - 0x7456e000 	C:\Windows\WinSxS\x86_microsoft.windows.common-controls_6595b64144ccf1df_6.0.7601.17514_none_41e6975e2bd6f2b2\COMCTL32.dll
0x766d0000 - 0x7731a000 	C:\Windows\system32\SHELL32.dll
0x71390000 - 0x713e1000 	C:\Windows\system32\WINSPOOL.DRV
0x75c30000 - 0x75d25000 	C:\Windows\system32\WININET.dll
0x75aa0000 - 0x75bd6000 	C:\Windows\system32\urlmon.dll
0x754f0000 - 0x7560d000 	C:\Windows\system32\CRYPT32.dll
0x754e0000 - 0x754ec000 	C:\Windows\system32\MSASN1.dll
0x75e20000 - 0x7601b000 	C:\Windows\system32\iertutil.dll
0x73e70000 - 0x73e83000 	C:\Windows\system32\dwmapi.dll
0x74170000 - 0x74265000 	C:\Windows\system32\propsys.dll
0x763d0000 - 0x76453000 	C:\Windows\system32\CLBCatQ.DLL
0x2a640000 - 0x2a65d000 	C:\Program Files\CoIDE_V2Beta\configuration\org.eclipse.osgi\bundles\109\1\.cp\swt-gdip-win32-3740.dll
0x73fa0000 - 0x74130000 	C:\Windows\WinSxS\x86_microsoft.windows.gdiplus_6595b64144ccf1df_1.1.7601.17514_none_72d18a4386696c80\gdiplus.dll
0x73a90000 - 0x73b8b000 	C:\Windows\system32\WindowsCodecs.dll
0x2a710000 - 0x2a71e000 	C:\Program Files\CoIDE_V2Beta\configuration\org.eclipse.osgi\bundles\66\1\.cp\os\win32\x86\localfile_1_0_0.dll
0x6ee40000 - 0x6efaf000 	C:\Windows\system32\explorerframe.dll
0x742a0000 - 0x742cf000 	C:\Windows\system32\DUser.dll
0x73ee0000 - 0x73f92000 	C:\Windows\system32\DUI70.dll
0x6f950000 - 0x6f98c000 	C:\Windows\system32\oleacc.dll
0x75460000 - 0x7546e000 	C:\Windows\system32\RpcRtRemote.dll
0x6f510000 - 0x6f515000 	C:\Windows\system32\msimg32.dll
0x6f2e0000 - 0x6f30e000 	C:\Windows\system32\mlang.dll
0x673c0000 - 0x673cc000 	C:\Program Files\CoIDE_V2Beta\bin\jRegistryKey.dll
0x75370000 - 0x753bc000 	C:\Windows\system32\apphelp.dll
0x6d840000 - 0x6e2c0000 	C:\Windows\System32\ieframe.dll
0x753d0000 - 0x7542f000 	C:\Windows\system32\SXS.DLL
0x75350000 - 0x7536b000 	C:\Windows\system32\SspiCli.dll
0x65c60000 - 0x66217000 	C:\Windows\System32\mshtml.dll
0x71910000 - 0x7193a000 	C:\Windows\System32\msls31.dll
0x73e10000 - 0x73e31000 	C:\Windows\system32\ntmarta.dll
0x75be0000 - 0x75c25000 	C:\Windows\system32\WLDAP32.dll
0x737c0000 - 0x737cb000 	C:\Windows\system32\msimtf.dll
0x6fc00000 - 0x6fc52000 	C:\Windows\system32\RASAPI32.dll
0x70410000 - 0x70425000 	C:\Windows\system32\rasman.dll
0x732a0000 - 0x732ad000 	C:\Windows\system32\rtutils.dll
0x6f520000 - 0x6f526000 	C:\Windows\system32\sensapi.dll
0x74310000 - 0x74349000 	C:\Windows\system32\MMDevAPI.DLL
0x70430000 - 0x70460000 	C:\Windows\system32\wdmaud.drv
0x73d80000 - 0x73d84000 	C:\Windows\system32\ksuser.dll
0x74570000 - 0x74577000 	C:\Windows\system32\AVRT.dll
0x76230000 - 0x763cd000 	C:\Windows\system32\SETUPAPI.dll
0x75740000 - 0x75767000 	C:\Windows\system32\CFGMGR32.dll
0x75720000 - 0x75732000 	C:\Windows\system32\DEVOBJ.dll
0x77470000 - 0x77473000 	C:\Windows\system32\Normaliz.dll
0x6eba0000 - 0x6ebd6000 	C:\Windows\system32\AUDIOSES.DLL
0x73830000 - 0x73838000 	C:\Windows\system32\msacm32.drv
0x73730000 - 0x73744000 	C:\Windows\system32\MSACM32.dll
0x73720000 - 0x73727000 	C:\Windows\system32\midimap.dll
0x6f390000 - 0x6f442000 	C:\Windows\System32\jscript.dll
0x73210000 - 0x73235000 	C:\Program Files\CoIDE_V2Beta\jre\bin\jaybird22.dll
0x30ef0000 - 0x3129d000 	C:\Program Files\CoIDE_V2Beta\jre\bin\fbembed.dll
0x72990000 - 0x72a2b000 	C:\Windows\WinSxS\x86_microsoft.vc80.crt_1fc8b3b9a1e18e3b_8.0.50727.4940_none_d08cc06a442b34fc\MSVCR80.dll
0x73250000 - 0x73262000 	C:\Windows\system32\MPR.dll
0x4a800000 - 0x4a8a8000 	C:\Program Files\CoIDE_V2Beta\jre\bin\icuuc30.dll
0x4ad00000 - 0x4ae7f000 	C:\Program Files\CoIDE_V2Beta\jre\bin\icudt30.dll
0x30df0000 - 0x30df6000 	C:\Program Files\CoIDE_V2Beta\jre\bin\ib_util.dll
0x312a0000 - 0x31383000 	C:\Program Files\CoIDE_V2Beta\jre\bin\intl\fbintl.DLL
0x73e40000 - 0x73e6f000 	C:\Windows\system32\XmlLite.dll
0x6f310000 - 0x6f33b000 	C:\Program Files\Internet Explorer\ieproxy.dll
0x6c6d0000 - 0x6c813000 	C:\Program Files\CoIDE_V2Beta\jre\bin\awt.dll
0x71f80000 - 0x71fb9000 	C:\Program Files\CoIDE_V2Beta\jre\bin\fontmanager.dll
0x737b0000 - 0x737b6000 	C:\Program Files\CoIDE_V2Beta\jre\bin\jawt.dll
0x5e150000 - 0x60884000 	C:\Program Files\CoIDE_V2Beta\bin\Release\libcef.dll
0x72840000 - 0x72898000 	C:\Windows\system32\WINHTTP.dll
0x727f0000 - 0x7283f000 	C:\Windows\system32\webio.dll
0x736f0000 - 0x736fd000 	C:\Windows\system32\WTSAPI32.dll
0x75320000 - 0x75328000 	C:\Windows\system32\Secur32.dll
0x6e6e0000 - 0x6e751000 	C:\Program Files\CoIDE_V2Beta\bin\Release\jcef.dll
0x756a0000 - 0x756cd000 	C:\Windows\system32\WINTRUST.dll
0x75430000 - 0x75459000 	C:\Windows\system32\WINSTA.dll
0x738b0000 - 0x7399b000 	C:\Windows\system32\dbghelp.dll

VM Arguments:
jvm_args: -Dosgi.parentClassloader=ext --launcher.XXMaxPermSize 256M -vmargs -Xms60m -Xmx512m -XX:+UseConcMarkSweepGC -XX:+CMSClassUnloadingEnabled 
java_command: <unknown>
Launcher Type: generic

Environment Variables:
PATH=C:/Program Files/CoIDE_V2Beta/jre/bin/client;C:/Program Files/CoIDE_V2Beta/jre/bin;C:/Program Files/CoIDE_V2Beta/jre/lib/i386;C:\ProgramData\Oracle\Java\javapath;C:\Windows\system32;C:\Windows;C:\Windows\System32\Wbem;C:\Windows\System32\WindowsPowerShell\v1.0\;C:\Program Files\CoIDE_V2Beta\gcc\bin;C:\Program Files\CoIDE_V2Beta\bin;C:\Program Files\Common Files\Acronis\SnapAPI\;c:\altera\81\quartus\bin;C:\Ruby22\bin;C:\MinGW\msys\1.0\bin;C:\MinGW\bin;C:\Users\D203C-01\Desktop\TDDBlinkLEDWithButtonIn3Mode;
USERNAME=D203C-01
OS=Windows_NT
PROCESSOR_IDENTIFIER=x86 Family 6 Model 15 Stepping 11, GenuineIntel



---------------  S Y S T E M  ---------------

OS: Windows 7 Build 7601 Service Pack 1

CPU:total 4 (4 cores per cpu, 1 threads per core) family 6 model 15 stepping 11, cmov, cx8, fxsr, mmx, sse, sse2, sse3, ssse3, tsc

Memory: 4k page, physical 2084704k(379528k free), swap 4169408k(2261936k free)

vm_info: Java HotSpot(TM) Client VM (24.71-b01) for windows-x86 JRE (1.7.0_71-b14), built on Sep 26 2014 16:30:49 by "java_re" with unknown MS VC++:1600

time: Mon Jun 22 11:17:23 2015
elapsed time: 24 seconds

