#
# A fatal error has been detected by the Java Runtime Environment:
#
#  EXCEPTION_ACCESS_VIOLATION (0xc0000005) at pc=0x8c000000, pid=2168, tid=456
#
# JRE version: Java(TM) SE Runtime Environment (7.0_71-b14) (build 1.7.0_71-b14)
# Java VM: Java HotSpot(TM) Client VM (24.71-b01 mixed mode windows-x86 )
# Problematic frame:
# C  0x8c000000
#
# Failed to write core dump. Minidumps are not enabled by default on client versions of Windows
#
# If you would like to submit a bug report, please visit:
#   http://bugreport.sun.com/bugreport/crash.jsp
# The crash happened outside the Java Virtual Machine in native code.
# See problematic frame for where to report the bug.
#

---------------  T H R E A D  ---------------

Current thread (0x2e1b8800):  JavaThread "AWT-Windows" daemon [_thread_in_native, id=456, stack(0x31f50000,0x32050000)]

siginfo: ExceptionCode=0xc0000005, ExceptionInformation=0x00000008 0x8c000000

Registers:
EAX=0x00000002, EBX=0x00000002, ECX=0x00000001, EDX=0x3204e344
ESP=0x3204e30c, EBP=0x3204e36c, ESI=0x00030616, EDI=0x00000000
EIP=0x8c000000, EFLAGS=0x00010246

Top of Stack: (sp=0x3204e30c)
0x3204e30c:   743ff5ee 00030616 00000282 00000002
0x3204e31c:   00000000 00000002 00000003 8d15b82e
0x3204e32c:   00000000 32d49f68 00000002 8eb44d34
0x3204e33c:   00000002 3204ee54 8c000000 00000002
0x3204e34c:   00000003 8d15b82e 3204e328 3204dee8
0x3204e35c:   3204e434 744f7331 cb2ead52 00000000
0x3204e36c:   3204e390 743ff5a2 32d49f68 00030616
0x3204e37c:   00000282 00000002 00000000 7619154e 

Instructions: (pc=0x8c000000)
0x8bffffe0:   
[error occurred during error reporting (printing registers, top of stack, instructions near pc), id 0xc0000005]

Register to memory mapping:

EAX=0x00000002 is an unknown value
EBX=0x00000002 is an unknown value
ECX=0x00000001 is an unknown value
EDX=0x3204e344 is pointing into the stack for thread: 0x2e1b8800
ESP=0x3204e30c is pointing into the stack for thread: 0x2e1b8800
EBP=0x3204e36c is pointing into the stack for thread: 0x2e1b8800
ESI=0x00030616 is pointing into the stack for thread: 0x01afbc00
EDI=0x00000000 is an unknown value


Stack: [0x31f50000,0x32050000],  sp=0x3204e30c,  free space=1016k
Native frames: (J=compiled Java code, j=interpreted, Vv=VM code, C=native code)
C  0x8c000000
C  [COMCTL32.dll+0x2f5a2]
C  0x6aeb0672
C  0x6ae716d9
C  0x6ae733c2
C  0x6ae708ae
C  [USER32.dll+0x1c4e7]
C  [USER32.dll+0x1c5e7]
C  [USER32.dll+0x11b31]
C  [USER32.dll+0x11b57]
C  0x6aeb06c8
C  [COMCTL32.dll+0x2f5ee]
C  [COMCTL32.dll+0x2f490]
C  [USER32.dll+0x1c4e7]
C  [USER32.dll+0x1c5e7]
C  [USER32.dll+0x15294]
C  [USER32.dll+0x15582]
C  [USER32.dll+0x11fd0]
C  [USER32.dll+0x1200a]
C  [USER32.dll+0x102ed]
C  [USER32.dll+0x10688]
C  [USER32.dll+0x1c4e7]
C  [USER32.dll+0x1c5e7]
C  [USER32.dll+0x15294]
C  [USER32.dll+0x11cca]
C  [USER32.dll+0x15138]
C  [USER32.dll+0x150d1]
C  [USER32.dll+0x1c4e7]
C  [USER32.dll+0x1c5e7]
C  [USER32.dll+0x11b31]
C  [USER32.dll+0x11b57]
C  [COMCTL32.dll+0x2f443]
C  [COMCTL32.dll+0x2f5ee]
C  [COMCTL32.dll+0x2f5a2]
C  0x6aeb0672
C  0x6ae716d9
C  0x6ae733c2
C  0x6ae939e9
C  0x6ae7bfb3
C  0x6ae708ae
C  [USER32.dll+0x1c4e7]
C  [USER32.dll+0x1c5e7]
C  [USER32.dll+0x11b31]
C  [USER32.dll+0x11b57]
C  0x6aeb06c8
C  [COMCTL32.dll+0x2f5ee]
C  [COMCTL32.dll+0x2f490]
C  [USER32.dll+0x1c4e7]
C  [USER32.dll+0x1c5e7]
C  [USER32.dll+0x15294]
C  [USER32.dll+0x15582]
C  [IMM32.DLL+0x2c3f]
C  [USER32.dll+0x11ead]
C  [USER32.dll+0x10343]
C  [USER32.dll+0x102d8]
C  [USER32.dll+0x10688]
C  [USER32.dll+0x1c4e7]
C  [USER32.dll+0x1c5e7]
C  [USER32.dll+0x14f0e]
C  [USER32.dll+0x14f7d]

Java frames: (J=compiled Java code, j=interpreted, Vv=VM code)
j  sun.awt.windows.WToolkit.eventLoop()V+0
j  sun.awt.windows.WToolkit.run()V+61
j  java.lang.Thread.run()V+11
v  ~StubRoutines::call_stub

---------------  P R O C E S S  ---------------

Java Threads: ( => current thread )
  0x2e1ba800 JavaThread "Thread-142" [_thread_in_native, id=3484, stack(0x362d0000,0x363d0000)]
  0x2e1ba000 JavaThread "TimerQueue" daemon [_thread_blocked, id=2076, stack(0x34270000,0x34370000)]
  0x2e1b9800 JavaThread "JCEF-MessageQueue" [_thread_blocked, id=2140, stack(0x38120000,0x38220000)]
  0x2e1b9400 JavaThread "AWT-EventQueue-0" [_thread_in_native, id=2252, stack(0x320c0000,0x321c0000)]
=>0x2e1b8800 JavaThread "AWT-Windows" daemon [_thread_in_native, id=456, stack(0x31f50000,0x32050000)]
  0x2bdbfc00 JavaThread "AWT-Shutdown" [_thread_blocked, id=2760, stack(0x31d50000,0x31e50000)]
  0x2bdc3800 JavaThread "Java2D Disposer" daemon [_thread_blocked, id=3656, stack(0x2d460000,0x2d560000)]
  0x2bdc4c00 JavaThread "Worker-18" [_thread_blocked, id=2912, stack(0x31e50000,0x31f50000)]
  0x2e1b8c00 JavaThread "org.eclipse.cdt.internal.ui.text.CReconciler" daemon [_thread_blocked, id=3796, stack(0x31b00000,0x31c00000)]
  0x2e1b7c00 JavaThread "Worker-16" [_thread_blocked, id=1628, stack(0x33b80000,0x33c80000)]
  0x2e1b7400 JavaThread "org.eclipse.cdt.internal.ui.text.CReconciler" daemon [_thread_blocked, id=1296, stack(0x33080000,0x33180000)]
  0x2bdc6c00 JavaThread "org.eclipse.cdt.internal.ui.text.CReconciler" daemon [_thread_blocked, id=2232, stack(0x31c00000,0x31d00000)]
  0x2bdc6400 JavaThread "Worker-15" [_thread_blocked, id=1804, stack(0x33680000,0x33780000)]
  0x2bdc6000 JavaThread "Worker-14" [_thread_blocked, id=2560, stack(0x33580000,0x33680000)]
  0x2bdc5400 JavaThread "org.eclipse.cdt.internal.ui.text.CReconciler" daemon [_thread_blocked, id=700, stack(0x33480000,0x33580000)]
  0x2bdc4400 JavaThread "Worker-12" [_thread_blocked, id=2520, stack(0x325c0000,0x326c0000)]
  0x2bdc4000 JavaThread "org.eclipse.cdt.internal.ui.text.CReconciler" daemon [_thread_blocked, id=1256, stack(0x31900000,0x31a00000)]
  0x2bdc5800 JavaThread "org.eclipse.cdt.internal.ui.text.CReconciler" daemon [_thread_blocked, id=3772, stack(0x2f850000,0x2f950000)]
  0x2bdc2800 JavaThread "Worker-10" [_thread_blocked, id=2776, stack(0x31540000,0x31640000)]
  0x2bdc0800 JavaThread "Worker-8" [_thread_blocked, id=3920, stack(0x2cee0000,0x2cfe0000)]
  0x2bdc2c00 JavaThread "org.eclipse.cdt.internal.ui.text.CReconciler" daemon [_thread_blocked, id=3284, stack(0x32d80000,0x32e80000)]
  0x2bdc3400 JavaThread "org.eclipse.cdt.internal.ui.text.CReconciler" daemon [_thread_blocked, id=3384, stack(0x31a00000,0x31b00000)]
  0x2bdc1800 JavaThread "Worker-6" [_thread_blocked, id=424, stack(0x32350000,0x32450000)]
  0x2bdc1400 JavaThread "Bundle File Closer" daemon [_thread_blocked, id=2892, stack(0x32250000,0x32350000)]
  0x2bdc0c00 JavaThread "org.eclipse.cdt.internal.ui.text.CReconciler" daemon [_thread_blocked, id=1036, stack(0x30010000,0x30110000)]
  0x2bdc0000 JavaThread "Pool C:\Users\D203C-01\AppData\Roaming\CooCox\CoIDE\repo\CODB_SIMPLIFY.FDB idleRemover" daemon [_thread_blocked, id=688, stack(0x31200000,0x31300000)]
  0x2bdbf400 JavaThread "Worker-3" [_thread_blocked, id=3416, stack(0x2cfe0000,0x2d0e0000)]
  0x2a03b400 JavaThread "Worker-JM" [_thread_blocked, id=3228, stack(0x2b190000,0x2b290000)]
  0x29ff5400 JavaThread "Framework Event Dispatcher" daemon [_thread_blocked, id=3292, stack(0x2b090000,0x2b190000)]
  0x29f95400 JavaThread "Start Level Event Dispatcher" daemon [_thread_blocked, id=1680, stack(0x2af90000,0x2b090000)]
  0x29fa2400 JavaThread "State Data Manager" daemon [_thread_blocked, id=3452, stack(0x2ae90000,0x2af90000)]
  0x29f6a800 JavaThread "Framework Active Thread" [_thread_blocked, id=3188, stack(0x2ac90000,0x2ad90000)]
  0x294f1400 JavaThread "Service Thread" daemon [_thread_blocked, id=2088, stack(0x29c90000,0x29d90000)]
  0x294ed000 JavaThread "C1 CompilerThread0" daemon [_thread_blocked, id=3348, stack(0x29b90000,0x29c90000)]
  0x294ec800 JavaThread "Attach Listener" daemon [_thread_blocked, id=2036, stack(0x29a90000,0x29b90000)]
  0x294ebc00 JavaThread "Signal Dispatcher" daemon [_thread_blocked, id=828, stack(0x29990000,0x29a90000)]
  0x294e9400 JavaThread "Surrogate Locker Thread (Concurrent GC)" daemon [_thread_blocked, id=2552, stack(0x29890000,0x29990000)]
  0x294b7800 JavaThread "Finalizer" daemon [_thread_blocked, id=3080, stack(0x29790000,0x29890000)]
  0x294b3000 JavaThread "Reference Handler" daemon [_thread_blocked, id=2660, stack(0x29690000,0x29790000)]
  0x01afbc00 JavaThread "main" [_thread_in_native, id=412, stack(0x00030000,0x00130000)]

Other Threads:
  0x294b0000 VMThread [stack: 0x29590000,0x29690000] [id=3460]
  0x29502c00 WatcherThread [stack: 0x29d90000,0x29e90000] [id=3104]

VM state:not at safepoint (normal execution)

VM Mutex/Monitor currently owned by a thread: None

Heap
 par new generation   total 18432K, used 3972K [0x04000000, 0x05400000, 0x0eaa0000)
  eden space 16384K,  11% used [0x04000000, 0x041e12b8, 0x05000000)
  from space 2048K, 100% used [0x05200000, 0x05400000, 0x05400000)
  to   space 2048K,   0% used [0x05000000, 0x05000000, 0x05200000)
 concurrent mark-sweep generation total 67876K, used 49126K [0x0eaa0000, 0x12ce9000, 0x24000000)
 concurrent-mark-sweep perm gen total 65536K, used 48866K [0x24000000, 0x28000000, 0x28000000)

Card table byte_map: [0x28000000,0x28130000] byte_map_base: 0x27fe0000

Polling page: 0x00200000

Code Cache  [0x01c00000, 0x02778000, 0x03c00000)
 total_blobs=5565 nmethods=5301 adapters=196 free_code_cache=21061Kb largest_free_block=21560128

Compilation events (10 events):
Event: 1226.484 Thread 0x294ed000 5491             sun.awt.FontConfiguration::contains (24 bytes)
Event: 1226.484 Thread 0x294ed000 nmethod 5491 0x0276ea08 code [0x0276eb00, 0x0276ebd0]
Event: 1229.949 Thread 0x294ed000 5492  s          sun.java2d.loops.GraphicsPrimitive::makeUniqueID (26 bytes)
Event: 1229.949 Thread 0x294ed000 nmethod 5492 0x0276f808 code [0x0276f900, 0x0276fae0]
Event: 1229.951 Thread 0x294ed000 5493             sun.java2d.loops.CompositeType::getUniqueID (5 bytes)
Event: 1229.951 Thread 0x294ed000 nmethod 5493 0x0276fbc8 code [0x0276fcc0, 0x0276fd40]
Event: 1230.267 Thread 0x294ed000 5494             java.util.concurrent.atomic.AtomicInteger::get (5 bytes)
Event: 1230.267 Thread 0x294ed000 nmethod 5494 0x0276fd88 code [0x0276fe80, 0x0276ff00]
Event: 1233.420 Thread 0x294ed000 5495             org.eclipse.ui.internal.util.Util::equals (91 bytes)
Event: 1233.421 Thread 0x294ed000 nmethod 5495 0x027700c8 code [0x027701e0, 0x0277039c]

GC Heap History (10 events):
Event: 1209.496 GC heap before
{Heap before GC invocations=256 (full 27):
 par new generation   total 18432K, used 18432K [0x04000000, 0x05400000, 0x0eaa0000)
  eden space 16384K, 100% used [0x04000000, 0x05000000, 0x05000000)
  from space 2048K, 100% used [0x05000000, 0x05200000, 0x05200000)
  to   space 2048K,   0% used [0x05200000, 0x05200000, 0x05400000)
 concurrent mark-sweep generation total 67876K, used 37243K [0x0eaa0000, 0x12ce9000, 0x24000000)
 concurrent-mark-sweep perm gen total 65536K, used 45884K [0x24000000, 0x28000000, 0x28000000)
Event: 1209.515 GC heap after
Heap after GC invocations=257 (full 27):
 par new generation   total 18432K, used 2048K [0x04000000, 0x05400000, 0x0eaa0000)
  eden space 16384K,   0% used [0x04000000, 0x04000000, 0x05000000)
  from space 2048K, 100% used [0x05200000, 0x05400000, 0x05400000)
  to   space 2048K,   0% used [0x05000000, 0x05000000, 0x05200000)
 concurrent mark-sweep generation total 67876K, used 39954K [0x0eaa0000, 0x12ce9000, 0x24000000)
 concurrent-mark-sweep perm gen total 65536K, used 45884K [0x24000000, 0x28000000, 0x28000000)
}
Event: 1210.799 GC heap before
{Heap before GC invocations=257 (full 27):
 par new generation   total 18432K, used 18432K [0x04000000, 0x05400000, 0x0eaa0000)
  eden space 16384K, 100% used [0x04000000, 0x05000000, 0x05000000)
  from space 2048K, 100% used [0x05200000, 0x05400000, 0x05400000)
  to   space 2048K,   0% used [0x05000000, 0x05000000, 0x05200000)
 concurrent mark-sweep generation total 67876K, used 39954K [0x0eaa0000, 0x12ce9000, 0x24000000)
 concurrent-mark-sweep perm gen total 65536K, used 45884K [0x24000000, 0x28000000, 0x28000000)
Event: 1210.807 GC heap after
Heap after GC invocations=258 (full 27):
 par new generation   total 18432K, used 2048K [0x04000000, 0x05400000, 0x0eaa0000)
  eden space 16384K,   0% used [0x04000000, 0x04000000, 0x05000000)
  from space 2048K, 100% used [0x05000000, 0x05200000, 0x05200000)
  to   space 2048K,   0% used [0x05200000, 0x05200000, 0x05400000)
 concurrent mark-sweep generation total 67876K, used 41923K [0x0eaa0000, 0x12ce9000, 0x24000000)
 concurrent-mark-sweep perm gen total 65536K, used 45884K [0x24000000, 0x28000000, 0x28000000)
}
Event: 1212.715 GC heap before
{Heap before GC invocations=258 (full 27):
 par new generation   total 18432K, used 18432K [0x04000000, 0x05400000, 0x0eaa0000)
  eden space 16384K, 100% used [0x04000000, 0x05000000, 0x05000000)
  from space 2048K, 100% used [0x05000000, 0x05200000, 0x05200000)
  to   space 2048K,   0% used [0x05200000, 0x05200000, 0x05400000)
 concurrent mark-sweep generation total 67876K, used 41923K [0x0eaa0000, 0x12ce9000, 0x24000000)
 concurrent-mark-sweep perm gen total 65536K, used 45892K [0x24000000, 0x28000000, 0x28000000)
Event: 1212.717 GC heap after
Heap after GC invocations=259 (full 27):
 par new generation   total 18432K, used 746K [0x04000000, 0x05400000, 0x0eaa0000)
  eden space 16384K,   0% used [0x04000000, 0x04000000, 0x05000000)
  from space 2048K,  36% used [0x05200000, 0x052baab0, 0x05400000)
  to   space 2048K,   0% used [0x05000000, 0x05000000, 0x05200000)
 concurrent mark-sweep generation total 67876K, used 41923K [0x0eaa0000, 0x12ce9000, 0x24000000)
 concurrent-mark-sweep perm gen total 65536K, used 45892K [0x24000000, 0x28000000, 0x28000000)
}
Event: 1214.809 GC heap before
{Heap before GC invocations=259 (full 27):
 par new generation   total 18432K, used 17130K [0x04000000, 0x05400000, 0x0eaa0000)
  eden space 16384K, 100% used [0x04000000, 0x05000000, 0x05000000)
  from space 2048K,  36% used [0x05200000, 0x052baab0, 0x05400000)
  to   space 2048K,   0% used [0x05000000, 0x05000000, 0x05200000)
 concurrent mark-sweep generation total 67876K, used 41923K [0x0eaa0000, 0x12ce9000, 0x24000000)
 concurrent-mark-sweep perm gen total 65536K, used 45981K [0x24000000, 0x28000000, 0x28000000)
Event: 1214.822 GC heap after
Heap after GC invocations=260 (full 27):
 par new generation   total 18432K, used 2048K [0x04000000, 0x05400000, 0x0eaa0000)
  eden space 16384K,   0% used [0x04000000, 0x04000000, 0x05000000)
  from space 2048K, 100% used [0x05000000, 0x05200000, 0x05200000)
  to   space 2048K,   0% used [0x05200000, 0x05200000, 0x05400000)
 concurrent mark-sweep generation total 67876K, used 43266K [0x0eaa0000, 0x12ce9000, 0x24000000)
 concurrent-mark-sweep perm gen total 65536K, used 45981K [0x24000000, 0x28000000, 0x28000000)
}
Event: 1229.767 GC heap before
{Heap before GC invocations=260 (full 27):
 par new generation   total 18432K, used 17074K [0x04000000, 0x05400000, 0x0eaa0000)
  eden space 16384K,  91% used [0x04000000, 0x04eac8e0, 0x05000000)
  from space 2048K, 100% used [0x05000000, 0x05200000, 0x05200000)
  to   space 2048K,   0% used [0x05200000, 0x05200000, 0x05400000)
 concurrent mark-sweep generation total 67876K, used 43266K [0x0eaa0000, 0x12ce9000, 0x24000000)
 concurrent-mark-sweep perm gen total 65536K, used 48631K [0x24000000, 0x28000000, 0x28000000)
Event: 1229.797 GC heap after
Heap after GC invocations=261 (full 27):
 par new generation   total 18432K, used 2048K [0x04000000, 0x05400000, 0x0eaa0000)
  eden space 16384K,   0% used [0x04000000, 0x04000000, 0x05000000)
  from space 2048K, 100% used [0x05200000, 0x05400000, 0x05400000)
  to   space 2048K,   0% used [0x05000000, 0x05000000, 0x05200000)
 concurrent mark-sweep generation total 67876K, used 49126K [0x0eaa0000, 0x12ce9000, 0x24000000)
 concurrent-mark-sweep perm gen total 65536K, used 48631K [0x24000000, 0x28000000, 0x28000000)
}

Deoptimization events (0 events):
No events

Internal exceptions (10 events):
Event: 1214.655 Thread 0x2bdc4400 Threw 0x042379c8 at C:\re\jdk7u71\1605\hotspot\src\share\vm\prims\jvm.cpp:1281
Event: 1214.656 Thread 0x2bdc4400 Threw 0x04238068 at C:\re\jdk7u71\1605\hotspot\src\share\vm\prims\jvm.cpp:1281
Event: 1214.656 Thread 0x2bdc4400 Threw 0x04238478 at C:\re\jdk7u71\1605\hotspot\src\share\vm\prims\jvm.cpp:1281
Event: 1214.657 Thread 0x2bdc4400 Threw 0x04365740 at C:\re\jdk7u71\1605\hotspot\src\share\vm\prims\jvm.cpp:1281
Event: 1214.657 Thread 0x2bdc4400 Threw 0x04365b88 at C:\re\jdk7u71\1605\hotspot\src\share\vm\prims\jvm.cpp:1281
Event: 1223.759 Thread 0x01afbc00 Threw 0x04cc73c8 at C:\re\jdk7u71\1605\hotspot\src\share\vm\prims\jni.cpp:717
Event: 1225.555 Thread 0x2e1b9400 Threw 0x04d23010 at C:\re\jdk7u71\1605\hotspot\src\share\vm\prims\jni.cpp:717
Event: 1227.232 Thread 0x2e1b9400 Threw 0x04e28048 at C:\re\jdk7u71\1605\hotspot\src\share\vm\prims\jni.cpp:717
Event: 1227.232 Thread 0x2e1b9400 Threw 0x04e282d8 at C:\re\jdk7u71\1605\hotspot\src\share\vm\prims\jni.cpp:717
Event: 1227.232 Thread 0x2e1b9400 Threw 0x04e28538 at C:\re\jdk7u71\1605\hotspot\src\share\vm\prims\jni.cpp:717

Events (10 events):
Event: 1233.262 loading class 0x2e723af8
Event: 1233.294 loading class 0x2e723af8 done
Event: 1233.294 loading class 0x29500050
Event: 1233.329 loading class 0x29500050 done
Event: 1233.329 loading class 0x2e726490
Event: 1233.350 loading class 0x294fffe0
Event: 1233.365 loading class 0x294fffe0 done
Event: 1233.365 loading class 0x2e726490 done
Event: 1233.365 loading class 0x2e832c78
Event: 1233.412 loading class 0x2e832c78 done


Dynamic libraries:
0x00400000 - 0x0040d000 	C:\Program Files\CoIDE_V2Beta\CoIDE.exe
0x77320000 - 0x7745c000 	C:\Windows\SYSTEM32\ntdll.dll
0x76150000 - 0x76224000 	C:\Windows\system32\kernel32.dll
0x756d0000 - 0x7571a000 	C:\Windows\system32\KERNELBASE.dll
0x76080000 - 0x76149000 	C:\Windows\system32\USER32.dll
0x75dd0000 - 0x75e1e000 	C:\Windows\system32\GDI32.dll
0x77480000 - 0x7748a000 	C:\Windows\system32\LPK.dll
0x75d30000 - 0x75dcd000 	C:\Windows\system32\USP10.dll
0x765c0000 - 0x7666c000 	C:\Windows\system32\msvcrt.dll
0x72ad0000 - 0x72b54000 	C:\Windows\WinSxS\x86_microsoft.windows.common-controls_6595b64144ccf1df_5.82.7601.17514_none_ec83dffa859149af\COMCTL32.dll
0x774b0000 - 0x77550000 	C:\Windows\system32\ADVAPI32.dll
0x759b0000 - 0x759c9000 	C:\Windows\SYSTEM32\sechost.dll
0x75770000 - 0x75811000 	C:\Windows\system32\RPCRT4.dll
0x77490000 - 0x774af000 	C:\Windows\system32\IMM32.DLL
0x759d0000 - 0x75a9c000 	C:\Windows\system32\MSCTF.dll
0x72000000 - 0x7200d000 	C:\Program Files\CoIDE_V2Beta\plugins\org.eclipse.equinox.launcher.win32.win32.x86_1.1.100.v20110502\eclipse_1406.dll
0x74970000 - 0x74979000 	C:\Windows\system32\VERSION.dll
0x64340000 - 0x646c9000 	C:\Program Files\CoIDE_V2Beta\jre\bin\client\jvm.dll
0x737a0000 - 0x737a7000 	C:\Windows\system32\WSOCK32.dll
0x75970000 - 0x759a5000 	C:\Windows\system32\WS2_32.dll
0x77460000 - 0x77466000 	C:\Windows\system32\NSI.dll
0x709b0000 - 0x709e2000 	C:\Windows\system32\WINMM.dll
0x75820000 - 0x75825000 	C:\Windows\system32\PSAPI.DLL
0x6f180000 - 0x6f23f000 	C:\Windows\system32\MSVCR100.dll
0x736d0000 - 0x736dc000 	C:\Program Files\CoIDE_V2Beta\jre\bin\verify.dll
0x736a0000 - 0x736c0000 	C:\Program Files\CoIDE_V2Beta\jre\bin\java.dll
0x73680000 - 0x73693000 	C:\Program Files\CoIDE_V2Beta\jre\bin\zip.dll
0x74ef0000 - 0x74f06000 	C:\Windows\system32\CRYPTSP.dll
0x74c90000 - 0x74ccb000 	C:\Windows\system32\rsaenh.dll
0x74ad0000 - 0x74ae7000 	C:\Windows\system32\USERENV.dll
0x75470000 - 0x7547b000 	C:\Windows\system32\profapi.dll
0x753c0000 - 0x753cc000 	C:\Windows\system32\CRYPTBASE.dll
0x73400000 - 0x73414000 	C:\Program Files\CoIDE_V2Beta\jre\bin\net.dll
0x74eb0000 - 0x74eec000 	C:\Windows\system32\mswsock.dll
0x74ea0000 - 0x74ea6000 	C:\Windows\System32\wship6.dll
0x72fd0000 - 0x72fec000 	C:\Windows\system32\IPHLPAPI.DLL
0x72f90000 - 0x72f97000 	C:\Windows\system32\WINNSI.DLL
0x72ef0000 - 0x72efd000 	C:\Windows\system32\dhcpcsvc6.DLL
0x72ed0000 - 0x72ee2000 	C:\Windows\system32\dhcpcsvc.DLL
0x73240000 - 0x7324f000 	C:\Program Files\CoIDE_V2Beta\jre\bin\nio.dll
0x74130000 - 0x74170000 	C:\Windows\system32\uxtheme.dll
0x76460000 - 0x765bc000 	C:\Windows\system32\ole32.dll
0x73c40000 - 0x73c50000 	C:\Windows\system32\NLAapi.dll
0x71bf0000 - 0x71c00000 	C:\Windows\system32\napinsp.dll
0x71bd0000 - 0x71be2000 	C:\Windows\system32\pnrpnsp.dll
0x74d70000 - 0x74db4000 	C:\Windows\system32\DNSAPI.dll
0x71c00000 - 0x71c08000 	C:\Windows\System32\winrnr.dll
0x74a00000 - 0x74a05000 	C:\Windows\System32\wshtcpip.dll
0x72150000 - 0x72156000 	C:\Windows\system32\rasadhlp.dll
0x72f40000 - 0x72f78000 	C:\Windows\System32\fwpuclnt.dll
0x75830000 - 0x758bf000 	C:\Windows\system32\OLEAUT32.DLL
0x2ab10000 - 0x2ab7e000 	C:\Program Files\CoIDE_V2Beta\configuration\org.eclipse.osgi\bundles\109\1\.cp\swt-win32-3740.dll
0x758c0000 - 0x7593b000 	C:\Windows\system32\comdlg32.dll
0x76020000 - 0x76077000 	C:\Windows\system32\SHLWAPI.dll
0x743d0000 - 0x7456e000 	C:\Windows\WinSxS\x86_microsoft.windows.common-controls_6595b64144ccf1df_6.0.7601.17514_none_41e6975e2bd6f2b2\COMCTL32.dll
0x766d0000 - 0x7731a000 	C:\Windows\system32\SHELL32.dll
0x71390000 - 0x713e1000 	C:\Windows\system32\WINSPOOL.DRV
0x75c30000 - 0x75d25000 	C:\Windows\system32\WININET.dll
0x75aa0000 - 0x75bd6000 	C:\Windows\system32\urlmon.dll
0x754f0000 - 0x7560d000 	C:\Windows\system32\CRYPT32.dll
0x754e0000 - 0x754ec000 	C:\Windows\system32\MSASN1.dll
0x75e20000 - 0x7601b000 	C:\Windows\system32\iertutil.dll
0x73e70000 - 0x73e83000 	C:\Windows\system32\dwmapi.dll
0x74170000 - 0x74265000 	C:\Windows\system32\propsys.dll
0x763d0000 - 0x76453000 	C:\Windows\system32\CLBCatQ.DLL
0x01ac0000 - 0x01add000 	C:\Program Files\CoIDE_V2Beta\configuration\org.eclipse.osgi\bundles\109\1\.cp\swt-gdip-win32-3740.dll
0x73fa0000 - 0x74130000 	C:\Windows\WinSxS\x86_microsoft.windows.gdiplus_6595b64144ccf1df_1.1.7601.17514_none_72d18a4386696c80\gdiplus.dll
0x73a90000 - 0x73b8b000 	C:\Windows\system32\WindowsCodecs.dll
0x6ee40000 - 0x6efaf000 	C:\Windows\system32\explorerframe.dll
0x742a0000 - 0x742cf000 	C:\Windows\system32\DUser.dll
0x73ee0000 - 0x73f92000 	C:\Windows\system32\DUI70.dll
0x6f950000 - 0x6f98c000 	C:\Windows\system32\oleacc.dll
0x75460000 - 0x7546e000 	C:\Windows\system32\RpcRtRemote.dll
0x6f510000 - 0x6f515000 	C:\Windows\system32\msimg32.dll
0x673c0000 - 0x673cc000 	C:\Program Files\CoIDE_V2Beta\bin\jRegistryKey.dll
0x75370000 - 0x753bc000 	C:\Windows\system32\apphelp.dll
0x6d840000 - 0x6e2c0000 	C:\Windows\System32\ieframe.dll
0x753d0000 - 0x7542f000 	C:\Windows\system32\SXS.DLL
0x75350000 - 0x7536b000 	C:\Windows\system32\SspiCli.dll
0x5d690000 - 0x5dc47000 	C:\Windows\System32\mshtml.dll
0x71910000 - 0x7193a000 	C:\Windows\System32\msls31.dll
0x73e10000 - 0x73e31000 	C:\Windows\system32\ntmarta.dll
0x75be0000 - 0x75c25000 	C:\Windows\system32\WLDAP32.dll
0x73210000 - 0x7321b000 	C:\Windows\system32\msimtf.dll
0x6f2e0000 - 0x6f30e000 	C:\Windows\system32\MLANG.dll
0x74310000 - 0x74349000 	C:\Windows\system32\MMDevAPI.DLL
0x70430000 - 0x70460000 	C:\Windows\system32\wdmaud.drv
0x73d80000 - 0x73d84000 	C:\Windows\system32\ksuser.dll
0x74570000 - 0x74577000 	C:\Windows\system32\AVRT.dll
0x76230000 - 0x763cd000 	C:\Windows\system32\SETUPAPI.dll
0x75740000 - 0x75767000 	C:\Windows\system32\CFGMGR32.dll
0x75720000 - 0x75732000 	C:\Windows\system32\DEVOBJ.dll
0x6fc00000 - 0x6fc52000 	C:\Windows\system32\RASAPI32.dll
0x70410000 - 0x70425000 	C:\Windows\system32\rasman.dll
0x732a0000 - 0x732ad000 	C:\Windows\system32\rtutils.dll
0x6f520000 - 0x6f526000 	C:\Windows\system32\sensapi.dll
0x77470000 - 0x77473000 	C:\Windows\system32\Normaliz.dll
0x6eba0000 - 0x6ebd6000 	C:\Windows\system32\AUDIOSES.DLL
0x73830000 - 0x73838000 	C:\Windows\system32\msacm32.drv
0x73730000 - 0x73744000 	C:\Windows\system32\MSACM32.dll
0x73720000 - 0x73727000 	C:\Windows\system32\midimap.dll
0x723c0000 - 0x723e5000 	C:\Program Files\CoIDE_V2Beta\jre\bin\jaybird22.dll
0x30670000 - 0x30a1d000 	C:\Program Files\CoIDE_V2Beta\jre\bin\fbembed.dll
0x72990000 - 0x72a2b000 	C:\Windows\WinSxS\x86_microsoft.vc80.crt_1fc8b3b9a1e18e3b_8.0.50727.4940_none_d08cc06a442b34fc\MSVCR80.dll
0x73250000 - 0x73262000 	C:\Windows\system32\MPR.dll
0x4a800000 - 0x4a8a8000 	C:\Program Files\CoIDE_V2Beta\jre\bin\icuuc30.dll
0x4ad00000 - 0x4ae7f000 	C:\Program Files\CoIDE_V2Beta\jre\bin\icudt30.dll
0x304c0000 - 0x304c6000 	C:\Program Files\CoIDE_V2Beta\jre\bin\ib_util.dll
0x30570000 - 0x30653000 	C:\Program Files\CoIDE_V2Beta\jre\bin\intl\fbintl.DLL
0x31500000 - 0x3150e000 	C:\Program Files\CoIDE_V2Beta\configuration\org.eclipse.osgi\bundles\66\1\.cp\os\win32\x86\localfile_1_0_0.dll
0x6f350000 - 0x6f402000 	C:\Windows\System32\jscript.dll
0x73e40000 - 0x73e6f000 	C:\Windows\system32\XmlLite.dll
0x6f310000 - 0x6f33b000 	C:\Program Files\Internet Explorer\ieproxy.dll
0x704d0000 - 0x70501000 	C:\Windows\system32\EhStorShell.dll
0x6edd0000 - 0x6ee3a000 	C:\Windows\System32\cscui.dll
0x70be0000 - 0x70be9000 	C:\Windows\System32\CSCDLL.dll
0x70d70000 - 0x70d7b000 	C:\Windows\system32\CSCAPI.dll
0x6ed60000 - 0x6edd0000 	C:\Windows\system32\ntshrui.dll
0x75100000 - 0x75119000 	C:\Windows\system32\srvcli.dll
0x73850000 - 0x7385a000 	C:\Windows\system32\slc.dll
0x6efd0000 - 0x6f02c000 	C:\Windows\System32\StructuredQuery.dll
0x75320000 - 0x75328000 	C:\Windows\System32\Secur32.dll
0x71aa0000 - 0x71aa9000 	C:\Windows\system32\LINKINFO.dll
0x6c1d0000 - 0x6c270000 	C:\Windows\system32\SearchFolder.dll
0x72390000 - 0x723a6000 	C:\Windows\system32\thumbcache.dll
0x71ab0000 - 0x71ade000 	C:\Windows\system32\SHDOCVW.dll
0x6e500000 - 0x6e698000 	C:\Windows\system32\NetworkExplorer.dll
0x730d0000 - 0x730d8000 	C:\Windows\System32\drprov.dll

VM Arguments:
jvm_args: -Dosgi.parentClassloader=ext --launcher.XXMaxPermSize 256M -vmargs -Xms60m -Xmx512m -XX:+UseConcMarkSweepGC -XX:+CMSClassUnloadingEnabled 
java_command: <unknown>
Launcher Type: generic

Environment Variables:
PATH=C:/Program Files/CoIDE_V2Beta/jre/bin/client;C:/Program Files/CoIDE_V2Beta/jre/bin;C:/Program Files/CoIDE_V2Beta/jre/lib/i386;C:\ProgramData\Oracle\Java\javapath;C:\Windows\system32;C:\Windows;C:\Windows\System32\Wbem;C:\Windows\System32\WindowsPowerShell\v1.0\;C:\Program Files\CoIDE_V2Beta\gcc\bin;C:\Program Files\CoIDE_V2Beta\bin;C:\Program Files\Common Files\Acronis\SnapAPI\;c:\altera\81\quartus\bin;C:\Ruby22\bin;C:\MinGW\msys\1.0\bin;C:\MinGW\bin;C:\Users\D203C-01\Desktop\TDDBlinkLEDWithButtonIn3Mode;
USERNAME=D203C-01
OS=Windows_NT
PROCESSOR_IDENTIFIER=x86 Family 6 Model 15 Stepping 11, GenuineIntel



---------------  S Y S T E M  ---------------

OS: Windows 7 Build 7601 Service Pack 1

CPU:total 4 (4 cores per cpu, 1 threads per core) family 6 model 15 stepping 11, cmov, cx8, fxsr, mmx, sse, sse2, sse3, ssse3, tsc

Memory: 4k page, physical 2084704k(282972k free), swap 4169408k(2292244k free)

vm_info: Java HotSpot(TM) Client VM (24.71-b01) for windows-x86 JRE (1.7.0_71-b14), built on Sep 26 2014 16:30:49 by "java_re" with unknown MS VC++:1600

time: Mon Jun 22 11:16:50 2015
elapsed time: 1234 seconds

